# packages in environment at /home/rkuster/miniconda3:
#
# Name                    Version                   Build  Channel
_libgcc_mutex             0.1                 conda_forge    conda-forge
_openmp_mutex             4.5                       2_gnu    conda-forge
brotlipy                  0.7.0           py39hb9d737c_1004    conda-forge
ca-certificates           2022.5.18.1          ha878542_0    conda-forge
certifi                   2022.5.18.1      py39hf3d152e_0    conda-forge
cffi                      1.15.0           py39hd667e15_1  
charset-normalizer        2.0.12             pyhd8ed1ab_0    conda-forge
colorama                  0.4.4              pyh9f0ad1d_0    conda-forge
conda                     4.13.0           py39hf3d152e_1    conda-forge
conda-package-handling    1.8.1            py39hb9d737c_1    conda-forge
cryptography              37.0.2           py39hd97740a_0    conda-forge
cycler                    0.11.0             pyhd8ed1ab_0    conda-forge
dbus                      1.13.6               he372182_0    conda-forge
expat                     2.4.8                h27087fc_0    conda-forge
fontconfig                2.14.0               h8e229c2_0    conda-forge
freetype                  2.10.4               h0708190_1    conda-forge
giflib                    5.2.1                h36c2ea0_2    conda-forge
glib                      2.69.1               h4ff587b_1  
gst-plugins-base          1.14.0               hbbd80ab_1  
gstreamer                 1.14.0               h28cd5cc_2  
icu                       58.2              hf484d3e_1000    conda-forge
idna                      3.3                pyhd8ed1ab_0    conda-forge
jpeg                      9e                   h166bdaf_1    conda-forge
kiwisolver                1.4.2            py39hf939315_1    conda-forge
lcms2                     2.12                 hddcbb42_0    conda-forge
ld_impl_linux-64          2.36.1               hea4e1c9_2    conda-forge
lerc                      3.0                  h9c3ff4c_0    conda-forge
libblas                   3.9.0           14_linux64_openblas    conda-forge
libcblas                  3.9.0           14_linux64_openblas    conda-forge
libdeflate                1.10                 h7f98852_0    conda-forge
libffi                    3.3                  h58526e2_2    conda-forge
libgcc-ng                 12.1.0              h8d9b700_16    conda-forge
libgfortran-ng            12.1.0              h69a702a_16    conda-forge
libgfortran5              12.1.0              hdcd56e2_16    conda-forge
libgomp                   12.1.0              h8d9b700_16    conda-forge
liblapack                 3.9.0           14_linux64_openblas    conda-forge
libopenblas               0.3.20          pthreads_h78a6416_0    conda-forge
libpng                    1.6.37               h21135ba_2    conda-forge
libstdcxx-ng              12.1.0              ha89aaad_16    conda-forge
libtiff                   4.4.0                h0fcbabc_0    conda-forge
libuuid                   2.32.1            h7f98852_1000    conda-forge
libwebp                   1.2.2                h3452ae3_0    conda-forge
libwebp-base              1.2.2                h7f98852_1    conda-forge
libxcb                    1.13              h7f98852_1004    conda-forge
libxml2                   2.9.14               h74e7548_0  
libzlib                   1.2.12               h166bdaf_0    conda-forge
lz4-c                     1.9.3                h9c3ff4c_1    conda-forge
matplotlib                3.3.4            py39h06a4308_0  
matplotlib-base           3.3.4            py39h2fa2bec_0    conda-forge
ncurses                   6.3                  h27087fc_1    conda-forge
numpy                     1.22.4           py39hc58783e_0    conda-forge
openjpeg                  2.4.0                hb52868f_1    conda-forge
openssl                   1.1.1o               h166bdaf_0    conda-forge
pandas                    1.2.4            py39h2531618_0  
pcre                      8.45                 h9c3ff4c_0    conda-forge
pillow                    9.1.1            py39hae2aec6_1    conda-forge
pthread-stubs             0.4               h36c2ea0_1001    conda-forge
pycosat                   0.6.3           py39hb9d737c_1010    conda-forge
pycparser                 2.21               pyhd8ed1ab_0    conda-forge
pyopenssl                 22.0.0             pyhd8ed1ab_0    conda-forge
pyparsing                 3.0.9              pyhd8ed1ab_0    conda-forge
pyqt                      5.9.2            py39h2531618_6  
pysocks                   1.7.1            py39hf3d152e_5    conda-forge
python                    3.9.1                hdb3f193_2  
python-dateutil           2.8.2              pyhd8ed1ab_0    conda-forge
python_abi                3.9                      2_cp39    conda-forge
pytz                      2022.1             pyhd8ed1ab_0    conda-forge
qt                        5.9.7                h5867ecd_1  
readline                  8.1                  h46c0cb4_0    conda-forge
requests                  2.27.1             pyhd8ed1ab_0    conda-forge
ruamel_yaml               0.15.80         py39hb9d737c_1007    conda-forge
scipy                     1.8.1            py39he49c0e8_0    conda-forge
seaborn                   0.11.0                     py_0    anaconda
setuptools                62.3.2           py39hf3d152e_0    conda-forge
sip                       4.19.13          py39h295c915_0  
six                       1.16.0             pyh6c4a22f_0    conda-forge
sqlite                    3.38.5               h4ff8645_0    conda-forge
tk                        8.6.12               h27826a3_0    conda-forge
tornado                   6.1              py39hb9d737c_3    conda-forge
tqdm                      4.64.0             pyhd8ed1ab_0    conda-forge
tzdata                    2022a                h191b570_0    conda-forge
urllib3                   1.26.9             pyhd8ed1ab_0    conda-forge
xorg-libxau               1.0.9                h7f98852_0    conda-forge
xorg-libxdmcp             1.1.3                h7f98852_0    conda-forge
xz                        5.2.5                h516909a_1    conda-forge
yaml                      0.2.5                h7f98852_2    conda-forge
zlib                      1.2.12               h166bdaf_0    conda-forge
zstd                      1.5.2                h8a70e8d_1    conda-forge
